<?xml version="1.0" encoding="UTF-8"?>
<testng-results ignored="0" total="1" passed="1" failed="0" skipped="0">
  <reporter-output>
  </reporter-output>
  <suite started-at="2024-04-11T15:22:43 IST" name="Testing Swaglabs App" finished-at="2024-04-11T15:26:07 IST" duration-ms="204723">
    <groups>
    </groups>
    <test started-at="2024-04-11T15:22:43 IST" name="Regression" finished-at="2024-04-11T15:26:07 IST" duration-ms="204723">
      <class name="ecommerce.SwagLabsTest">
        <test-method is-config="true" signature="initializeDriver(java.lang.reflect.Method)[pri:0, instance:ecommerce.SwagLabsTest@180e6ac4]" started-at="2024-04-11T15:22:43 IST" name="initializeDriver" finished-at="2024-04-11T15:22:59 IST" duration-ms="16229" status="PASS">
          <params>
            <param index="0">
              <value>
                <![CDATA[public void ecommerce.SwagLabsTest.verify_login_using_valid_username_and_password() throws java.lang.Exception]]>
              </value>
            </param>
          </params>
          <reporter-output>
          </reporter-output>
        </test-method> <!-- initializeDriver -->
        <test-method signature="verify_login_using_valid_username_and_password()[pri:0, instance:ecommerce.SwagLabsTest@180e6ac4]" started-at="2024-04-11T15:22:59 IST" name="verify_login_using_valid_username_and_password" finished-at="2024-04-11T15:26:07 IST" duration-ms="187481" status="PASS">
          <reporter-output>
          </reporter-output>
        </test-method> <!-- verify_login_using_valid_username_and_password -->
        <test-method is-config="true" signature="tearDown()[pri:0, instance:ecommerce.SwagLabsTest@180e6ac4]" started-at="2024-04-11T15:26:07 IST" name="tearDown" finished-at="2024-04-11T15:26:07 IST" duration-ms="865" status="PASS">
          <reporter-output>
          </reporter-output>
        </test-method> <!-- tearDown -->
      </class> <!-- ecommerce.SwagLabsTest -->
    </test> <!-- Regression -->
  </suite> <!-- Testing Swaglabs App -->
</testng-results>
